<?xml version="1.0" encoding="UTF-8"?>
<testsuite name="com.americandevops.middleware.MiddlewareApplicationTests" tests="1" skipped="0" failures="0" errors="0" timestamp="2024-11-12T13:55:32" hostname="SAK" time="2.676">
  <properties/>
  <testcase name="contextLoads()" classname="com.americandevops.middleware.MiddlewareApplicationTests" time="2.676"/>
  <system-out><![CDATA[08:55:18.368 [Test worker] INFO org.springframework.test.context.support.AnnotationConfigContextLoaderUtils -- Could not detect default configuration classes for test class [com.americandevops.middleware.MiddlewareApplicationTests]: MiddlewareApplicationTests does not declare any static, non-private, non-final, nested classes annotated with @Configuration.
08:55:18.525 [Test worker] INFO org.springframework.boot.test.context.SpringBootTestContextBootstrapper -- Found @SpringBootConfiguration com.americandevops.middleware.MiddlewareApplication for test class com.americandevops.middleware.MiddlewareApplicationTests

  .   ____          _            __ _ _
 /\\ / ___'_ __ _ _(_)_ __  __ _ \ \ \ \
( ( )\___ | '_ | '_| | '_ \/ _` | \ \ \ \
 \\/  ___)| |_)| | | | | || (_| |  ) ) ) )
  '  |____| .__|_| |_|_| |_\__, | / / / /
 =========|_|==============|___/=/_/_/_/

 :: Spring Boot ::                (v3.3.2)

2024-11-12T08:55:19.506-05:00  INFO 16664 --- [    Test worker] c.a.m.MiddlewareApplicationTests         : Starting MiddlewareApplicationTests using Java 17.0.11 with PID 16664 (started by jamp9 in C:\CURSOS\MINTIC\DEFSV3-270\PROYECTO\middleware)
2024-11-12T08:55:19.510-05:00  INFO 16664 --- [    Test worker] c.a.m.MiddlewareApplicationTests         : No active profile set, falling back to 1 default profile: "default"
2024-11-12T08:55:20.933-05:00  INFO 16664 --- [    Test worker] .s.d.r.c.RepositoryConfigurationDelegate : Bootstrapping Spring Data JPA repositories in DEFAULT mode.
2024-11-12T08:55:21.032-05:00  INFO 16664 --- [    Test worker] .s.d.r.c.RepositoryConfigurationDelegate : Finished Spring Data repository scanning in 83 ms. Found 1 JPA repository interface.
2024-11-12T08:55:21.441-05:00  INFO 16664 --- [    Test worker] ptablePropertiesBeanFactoryPostProcessor : Post-processing PropertySource instances
2024-11-12T08:55:21.443-05:00  INFO 16664 --- [    Test worker] c.u.j.EncryptablePropertySourceConverter : Skipping PropertySource configurationProperties [class org.springframework.boot.context.properties.source.ConfigurationPropertySourcesPropertySource
2024-11-12T08:55:21.447-05:00  INFO 16664 --- [    Test worker] c.u.j.EncryptablePropertySourceConverter : Converting PropertySource test [org.springframework.core.env.MapPropertySource] to EncryptableMapPropertySourceWrapper
2024-11-12T08:55:21.448-05:00  INFO 16664 --- [    Test worker] c.u.j.EncryptablePropertySourceConverter : Converting PropertySource Inlined Test Properties [org.springframework.core.env.MapPropertySource] to EncryptableMapPropertySourceWrapper
2024-11-12T08:55:21.448-05:00  INFO 16664 --- [    Test worker] c.u.j.EncryptablePropertySourceConverter : Skipping PropertySource servletConfigInitParams [class org.springframework.core.env.PropertySource$StubPropertySource
2024-11-12T08:55:21.448-05:00  INFO 16664 --- [    Test worker] c.u.j.EncryptablePropertySourceConverter : Converting PropertySource servletContextInitParams [org.springframework.web.context.support.ServletContextPropertySource] to EncryptableEnumerablePropertySourceWrapper
2024-11-12T08:55:21.448-05:00  INFO 16664 --- [    Test worker] c.u.j.EncryptablePropertySourceConverter : Converting PropertySource systemProperties [org.springframework.core.env.PropertiesPropertySource] to EncryptableMapPropertySourceWrapper
2024-11-12T08:55:21.449-05:00  INFO 16664 --- [    Test worker] c.u.j.EncryptablePropertySourceConverter : Converting PropertySource systemEnvironment [org.springframework.boot.env.SystemEnvironmentPropertySourceEnvironmentPostProcessor$OriginAwareSystemEnvironmentPropertySource] to EncryptableSystemEnvironmentPropertySourceWrapper
2024-11-12T08:55:21.449-05:00  INFO 16664 --- [    Test worker] c.u.j.EncryptablePropertySourceConverter : Converting PropertySource random [org.springframework.boot.env.RandomValuePropertySource] to EncryptablePropertySourceWrapper
2024-11-12T08:55:21.449-05:00  INFO 16664 --- [    Test worker] c.u.j.EncryptablePropertySourceConverter : Converting PropertySource Config resource 'class path resource [application.yml]' via location 'optional:classpath:/' [org.springframework.boot.env.OriginTrackedMapPropertySource] to EncryptableMapPropertySourceWrapper
2024-11-12T08:55:21.693-05:00  INFO 16664 --- [    Test worker] c.u.j.filter.DefaultLazyPropertyFilter   : Property Filter custom Bean not found with name 'encryptablePropertyFilter'. Initializing Default Property Filter
2024-11-12T08:55:21.720-05:00  INFO 16664 --- [    Test worker] c.u.j.r.DefaultLazyPropertyResolver      : Property Resolver custom Bean not found with name 'encryptablePropertyResolver'. Initializing Default Property Resolver
2024-11-12T08:55:21.724-05:00  INFO 16664 --- [    Test worker] c.u.j.d.DefaultLazyPropertyDetector      : Property Detector custom Bean not found with name 'encryptablePropertyDetector'. Initializing Default Property Detector
2024-11-12T08:55:21.740-05:00  INFO 16664 --- [    Test worker] c.u.j.encryptor.DefaultLazyEncryptor     : String Encryptor custom Bean not found with name 'jasyptStringEncryptor'. Initializing Default String Encryptor
2024-11-12T08:55:21.765-05:00  INFO 16664 --- [    Test worker] c.u.j.c.StringEncryptorBuilder           : Encryptor config not found for property jasypt.encryptor.key-obtention-iterations, using default value: 1000
2024-11-12T08:55:21.766-05:00  INFO 16664 --- [    Test worker] c.u.j.c.StringEncryptorBuilder           : Encryptor config not found for property jasypt.encryptor.pool-size, using default value: 1
2024-11-12T08:55:21.767-05:00  INFO 16664 --- [    Test worker] c.u.j.c.StringEncryptorBuilder           : Encryptor config not found for property jasypt.encryptor.provider-name, using default value: null
2024-11-12T08:55:21.767-05:00  INFO 16664 --- [    Test worker] c.u.j.c.StringEncryptorBuilder           : Encryptor config not found for property jasypt.encryptor.provider-class-name, using default value: null
2024-11-12T08:55:21.767-05:00  INFO 16664 --- [    Test worker] c.u.j.c.StringEncryptorBuilder           : Encryptor config not found for property jasypt.encryptor.salt-generator-classname, using default value: org.jasypt.salt.RandomSaltGenerator
2024-11-12T08:55:21.771-05:00  INFO 16664 --- [    Test worker] c.u.j.c.StringEncryptorBuilder           : Encryptor config not found for property jasypt.encryptor.string-output-type, using default value: base64
2024-11-12T08:55:22.004-05:00  INFO 16664 --- [    Test worker] o.hibernate.jpa.internal.util.LogHelper  : HHH000204: Processing PersistenceUnitInfo [name: default]
2024-11-12T08:55:22.112-05:00  INFO 16664 --- [    Test worker] org.hibernate.Version                    : HHH000412: Hibernate ORM core version 6.5.2.Final
2024-11-12T08:55:22.184-05:00  INFO 16664 --- [    Test worker] o.h.c.internal.RegionFactoryInitiator    : HHH000026: Second-level cache disabled
2024-11-12T08:55:22.740-05:00  INFO 16664 --- [    Test worker] o.s.o.j.p.SpringPersistenceUnitInfo      : No LoadTimeWeaver setup: ignoring JPA class transformer
2024-11-12T08:55:22.780-05:00  INFO 16664 --- [    Test worker] com.zaxxer.hikari.HikariDataSource       : HikariPool-1 - Starting...
2024-11-12T08:55:26.850-05:00  INFO 16664 --- [    Test worker] com.zaxxer.hikari.pool.HikariPool        : HikariPool-1 - Added connection com.mysql.cj.jdbc.ConnectionImpl@1280bae3
2024-11-12T08:55:26.857-05:00  INFO 16664 --- [    Test worker] com.zaxxer.hikari.HikariDataSource       : HikariPool-1 - Start completed.
2024-11-12T08:55:29.354-05:00  INFO 16664 --- [    Test worker] o.h.e.t.j.p.i.JtaPlatformInitiator       : HHH000489: No JTA platform available (set 'hibernate.transaction.jta.platform' to enable JTA platform integration)
2024-11-12T08:55:30.322-05:00  INFO 16664 --- [    Test worker] j.LocalContainerEntityManagerFactoryBean : Initialized JPA EntityManagerFactory for persistence unit 'default'
2024-11-12T08:55:31.691-05:00  WARN 16664 --- [    Test worker] JpaBaseConfiguration$JpaWebConfiguration : spring.jpa.open-in-view is enabled by default. Therefore, database queries may be performed during view rendering. Explicitly configure spring.jpa.open-in-view to disable this warning
2024-11-12T08:55:32.942-05:00  INFO 16664 --- [    Test worker] c.a.m.MiddlewareApplicationTests         : Started MiddlewareApplicationTests in 13.946 seconds (process running for 16.1)
]]></system-out>
  <system-err><![CDATA[]]></system-err>
</testsuite>
